0 info it worked if it ends with ok
1 verbose cli [ '/usr/local/bin/node', '/usr/local/bin/npm', 'start' ]
2 info using npm@3.10.10
3 info using node@v6.15.1
4 verbose run-script [ 'prestart', 'start', 'poststart' ]
5 info lifecycle react-redux-realworld-example-app@0.1.0~prestart: react-redux-realworld-example-app@0.1.0
6 silly lifecycle react-redux-realworld-example-app@0.1.0~prestart: no script for prestart, continuing
7 info lifecycle react-redux-realworld-example-app@0.1.0~start: react-redux-realworld-example-app@0.1.0
8 verbose lifecycle react-redux-realworld-example-app@0.1.0~start: unsafe-perm in lifecycle true
9 verbose lifecycle react-redux-realworld-example-app@0.1.0~start: PATH: /usr/local/lib/node_modules/npm/bin/node-gyp-bin:/app/node_modules/.bin:/usr/local/sbin:/usr/local/bin:/usr/sbin:/usr/bin:/sbin:/bin
10 verbose lifecycle react-redux-realworld-example-app@0.1.0~start: CWD: /app
11 silly lifecycle react-redux-realworld-example-app@0.1.0~start: Args: [ '-c', 'cross-env PORT=4100 react-scripts start' ]
12 info lifecycle react-redux-realworld-example-app@0.1.0~start: Failed to exec start script
13 verbose stack Error: react-redux-realworld-example-app@0.1.0 start: `cross-env PORT=4100 react-scripts start`
13 verbose stack spawn ENOENT
13 verbose stack     at ChildProcess.<anonymous> (/usr/local/lib/node_modules/npm/lib/utils/spawn.js:33:16)
13 verbose stack     at emitTwo (events.js:106:13)
13 verbose stack     at ChildProcess.emit (events.js:191:7)
13 verbose stack     at maybeClose (internal/child_process.js:920:16)
13 verbose stack     at Process.ChildProcess._handle.onexit (internal/child_process.js:230:5)
14 verbose pkgid react-redux-realworld-example-app@0.1.0
15 verbose cwd /app
16 error Linux 4.19.121-linuxkit
17 error argv "/usr/local/bin/node" "/usr/local/bin/npm" "start"
18 error node v6.15.1
19 error npm  v3.10.10
20 error file sh
21 error code ELIFECYCLE
22 error errno ENOENT
23 error syscall spawn
24 error react-redux-realworld-example-app@0.1.0 start: `cross-env PORT=4100 react-scripts start`
24 error spawn ENOENT
25 error Failed at the react-redux-realworld-example-app@0.1.0 start script 'cross-env PORT=4100 react-scripts start'.
25 error Make sure you have the latest version of node.js and npm installed.
25 error If you do, this is most likely a problem with the react-redux-realworld-example-app package,
25 error not with npm itself.
25 error Tell the author that this fails on your system:
25 error     cross-env PORT=4100 react-scripts start
25 error You can get information on how to open an issue for this project with:
25 error     npm bugs react-redux-realworld-example-app
25 error Or if that isn't available, you can get their info via:
25 error     npm owner ls react-redux-realworld-example-app
25 error There is likely additional logging output above.
26 verbose exit [ 1, true ]
